\BOOKMARK [1][]{section.1}{\376\377\116\000\060\001\000\040\140\073\211\310}{}% 1
\BOOKMARK [2][]{subsection.1.1}{\376\377\0001\000.\0001\000\040\170\024\172\166\200\314\146\157\123\312\141\017\116\111}{section.1}% 2
\BOOKMARK [3][]{subsubsection.1.1.1}{\376\377\0001\000.\0001\000.\0001\000\040\000\040\117\341\140\157\217\307\217\175\225\356\230\230\166\204\211\343\121\263\217\353\127\050\167\011\167\153}{subsection.1.1}% 3
\BOOKMARK [3][]{subsubsection.1.1.2}{\376\377\0001\000.\0001\000.\0002\000\040\000\040\116\222\200\124\177\121\116\016\143\250\203\120\174\373\176\337\166\204\207\215\124\010\136\046\147\145\135\350\131\047\166\204\176\317\155\116\116\367\120\074}{subsection.1.1}% 4
\BOOKMARK [3][]{subsubsection.1.1.3}{\376\377\0001\000.\0001\000.\0003\000\040\000\040\124\315\136\224\126\375\133\266\123\321\134\125\124\214\145\071\227\151\131\324\124\130\117\032\040\034\145\260\127\372\136\372\040\035\123\367\123\354}{subsection.1.1}% 5
\BOOKMARK [2][]{subsection.1.2}{\376\377\0001\000.\0002\000\040\166\370\121\163\170\024\172\166\163\260\162\266}{section.1}% 6
\BOOKMARK [3][]{subsubsection.1.2.1}{\376\377\0001\000.\0002\000.\0001\000\040\000\040\143\250\203\120\174\373\176\337\127\050\135\345\116\032\165\114\166\204\136\224\165\050\116\016\123\321\134\125\122\115\146\157}{subsection.1.2}% 7
\BOOKMARK [3][]{subsubsection.1.2.2}{\376\377\0001\000.\0002\000.\0002\000\040\000\040\143\250\203\120\174\373\176\337\127\050\133\146\147\057\165\114\166\204\170\024\172\166\163\260\162\266}{subsection.1.2}% 8
\BOOKMARK [2][]{subsection.1.3}{\376\377\0001\000.\0003\000\040\230\171\166\356\147\266\147\204\140\073\211\310}{section.1}% 9
\BOOKMARK [3][]{subsubsection.1.3.1}{\376\377\0001\000.\0003\000.\0001\000\040\000\040\230\171\166\356\145\164\117\123\150\106\147\266}{subsection.1.3}% 10
\BOOKMARK [3][]{subsubsection.1.3.2}{\376\377\0001\000.\0003\000.\0002\000\040\000\040\230\171\166\356\117\030\122\277\116\016\122\033\145\260\140\047}{subsection.1.3}% 11
\BOOKMARK [1][]{section.2}{\376\377\116\214\060\001\000\040\152\041\127\213\142\200\147\057\215\357\176\277\123\312\133\236\163\260\145\271\150\110}{}% 12
\BOOKMARK [2][]{subsection.2.1}{\376\377\0002\000.\0001\000\040\152\041\127\213\147\266\147\204}{section.2}% 13
\BOOKMARK [3][]{subsubsection.2.1.1}{\376\377\0002\000.\0001\000.\0001\000\040\000\040\120\031\220\011\145\260\225\373\177\026\170\001}{subsection.2.1}% 14
\BOOKMARK [3][]{subsubsection.2.1.2}{\376\377\0002\000.\0001\000.\0002\000\040\000\040\123\125\213\315\174\222\136\246\141\037\167\345\120\031\220\011\145\260\225\373}{subsection.2.1}% 15
\BOOKMARK [3][]{subsubsection.2.1.3}{\376\377\0002\000.\0001\000.\0003\000\040\000\040\133\236\117\123\174\222\136\246\141\037\167\345\120\031\220\011\145\260\225\373}{subsection.2.1}% 16
\BOOKMARK [3][]{subsubsection.2.1.4}{\376\377\0002\000.\0001\000.\0004\000\040\000\040\145\260\225\373\174\222\136\246\141\037\167\345\120\031\220\011\145\260\225\373}{subsection.2.1}% 17
\BOOKMARK [2][]{subsection.2.2}{\376\377\0002\000.\0002\000\040\152\041\127\213\213\304\117\060}{section.2}% 18
\BOOKMARK [3][]{subsubsection.2.2.1}{\376\377\0002\000.\0002\000.\0001\000\040\116\016\116\113\122\115\166\204\152\041\127\213\143\007\150\007\133\371\153\324}{subsection.2.2}% 19
\BOOKMARK [3][]{subsubsection.2.2.2}{\376\377\0002\000.\0002\000.\0002\000\040\155\210\207\215\133\236\232\214}{subsection.2.2}% 20
\BOOKMARK [1][]{section.3}{\376\377\116\011\060\001\000\040\217\157\116\366\135\345\172\013\116\016\137\000\123\321\147\266\147\204\145\271\150\110}{}% 21
\BOOKMARK [2][]{subsection.3.1}{\376\377\0003\000.\0001\000\040\137\000\123\321\135\345\121\167\116\016\150\106\147\266}{section.3}% 22
\BOOKMARK [2][]{subsection.3.2}{\376\377\0003\000.\0002\000\040\145\260\225\373\143\250\203\120\174\373\176\337\217\157\116\366\204\075\127\060\171\072\117\213}{section.3}% 23
\BOOKMARK [3][]{subsubsection.3.2.1}{\376\377\0003\000.\0002\000.\0001\000\040\000\040\217\157\116\366\124\150\147\037\152\041\127\213}{subsection.3.2}% 24
\BOOKMARK [3][]{subsubsection.3.2.2}{\376\377\0003\000.\0002\000.\0002\000\040\000\040\217\157\116\366\137\000\123\321\152\041\127\213}{subsection.3.2}% 25
\BOOKMARK [3][]{subsubsection.3.2.3}{\376\377\0003\000.\0002\000.\0003\000\040\000\040\145\160\143\156\136\223\213\276\213\241}{subsection.3.2}% 26
\BOOKMARK [3][]{subsubsection.3.2.4}{\376\377\0003\000.\0002\000.\0004\000\040\000\040\000U\000M\000L\213\276\213\241}{subsection.3.2}% 27
\BOOKMARK [3][]{subsubsection.3.2.5}{\376\377\0003\000.\0002\000.\0005\000\040\000\040\217\157\116\366\122\237\200\375\157\024\171\072}{subsection.3.2}% 28
\BOOKMARK [3][]{subsubsection.3.2.6}{\376\377\0003\000.\0002\000.\0006\000\040\000\040\121\174\133\271\140\047\155\113\213\325\116\016\172\063\133\232\140\047\155\113\213\325}{subsection.3.2}% 29
